Build started 23.02.2016 14:26:26.
     1>Project "D:\SFML projects\SFML_2\SFML_1\SFML_1.vcxproj" on node 2 (Build target(s)).
     1>ClCompile:
         D:\Games\Visual Studio 2013\VC\bin\CL.exe /c /I"D:\SFML projects\SFML-2.3.2\include" /ZI /nologo /W3 /WX- /sdl /Od /Oy- /D SFML_DYNAMIC /D _MBCS /Gm /EHsc /RTC1 /MDd /GS /fp:precise /Zc:wchar_t /Zc:forScope /Fo"Debug\\" /Fd"Debug\vc120.pdb" /Gd /TP /analyze- /errorReport:prompt Main.cpp
         Main.cpp
     1>d:\sfml projects\sfml_2\sfml_1\camera.h(8): warning C4244: 'argument' : conversion from 'int' to 'float', possible loss of data
     1>d:\sfml projects\sfml_2\sfml_1\camera.h(9): warning C4244: 'argument' : conversion from 'int' to 'float', possible loss of data
     1>d:\sfml projects\sfml_2\sfml_1\camera.h(10): warning C4244: 'argument' : conversion from 'int' to 'float', possible loss of data
     1>d:\sfml projects\sfml_2\sfml_1\camera.h(11): warning C4244: 'argument' : conversion from 'int' to 'float', possible loss of data
     1>d:\sfml projects\sfml_2\sfml_1\camera.h(12): warning C4244: 'argument' : conversion from 'int' to 'float', possible loss of data
     1>d:\sfml projects\sfml_2\sfml_1\camera.h(22): warning C4244: 'argument' : conversion from 'double' to 'float', possible loss of data
     1>d:\sfml projects\sfml_2\sfml_1\camera.h(23): warning C4244: 'argument' : conversion from 'double' to 'float', possible loss of data
     1>d:\sfml projects\sfml_2\sfml_1\camera.h(24): warning C4244: 'argument' : conversion from 'double' to 'float', possible loss of data
     1>d:\sfml projects\sfml_2\sfml_1\camera.h(25): warning C4244: 'argument' : conversion from 'double' to 'float', possible loss of data
     1>d:\sfml projects\sfml_2\sfml_1\camera.h(26): warning C4244: 'argument' : conversion from 'double' to 'float', possible loss of data
     1>d:\sfml projects\sfml_2\sfml_1\camera.h(27): warning C4244: 'argument' : conversion from 'double' to 'float', possible loss of data
     1>d:\sfml projects\sfml_2\sfml_1\camera.h(28): warning C4244: 'argument' : conversion from 'double' to 'float', possible loss of data
     1>d:\sfml projects\sfml_2\sfml_1\camera.h(29): warning C4244: 'argument' : conversion from 'double' to 'float', possible loss of data
     1>d:\sfml projects\sfml_2\sfml_1\menu.h(32): warning C4244: 'argument' : conversion from 'unsigned int' to 'float', possible loss of data
     1>d:\sfml projects\sfml_2\sfml_1\menu.h(47): warning C4244: 'argument' : conversion from 'const float' to 'int', possible loss of data
     1>d:\sfml projects\sfml_2\sfml_1\menu.h(52): warning C4244: 'argument' : conversion from 'const float' to 'int', possible loss of data
     1>d:\sfml projects\sfml_2\sfml_1\menu.h(57): warning C4244: 'argument' : conversion from 'const float' to 'int', possible loss of data
     1>d:\sfml projects\sfml_2\sfml_1\mywindow.h(119): warning C4244: '=' : conversion from 'sf::Int64' to 'float', possible loss of data
     1>d:\sfml projects\sfml_2\sfml_1\mywindow.h(127): warning C4244: '=' : conversion from 'float' to 'int', possible loss of data
     1>d:\sfml projects\sfml_2\sfml_1\mywindow.h(183): warning C4715: 'My_Window::Work_with_window' : not all control paths return a value
       Link:
         D:\Games\Visual Studio 2013\VC\bin\link.exe /ERRORREPORT:PROMPT /OUT:"D:\SFML projects\SFML_2\Debug\SFML_1.exe" /INCREMENTAL /NOLOGO /LIBPATH:"D:\SFML projects\SFML-2.3.2\lib" "sfml-window-d.lib" "sfml-graphics-d.lib" "sfml-system-d.lib" "sfml-audio-d.lib" kernel32.lib user32.lib gdi32.lib winspool.lib comdlg32.lib advapi32.lib shell32.lib ole32.lib oleaut32.lib uuid.lib odbc32.lib odbccp32.lib /MANIFEST /MANIFESTUAC:"level='asInvoker' uiAccess='false'" /manifest:embed /DEBUG /PDB:"D:\SFML projects\SFML_2\Debug\SFML_1.pdb" /TLBID:1 /DYNAMICBASE /NXCOMPAT /IMPLIB:"D:\SFML projects\SFML_2\Debug\SFML_1.lib" /MACHINE:X86 Debug\Background.obj
         Debug\Bullet.obj
         Debug\Enemy.obj
         Debug\level.obj
         Debug\Main.obj
         Debug\Parent.obj
         Debug\Player.obj
         Debug\tinystr.obj
         Debug\tinyxml.obj
         Debug\tinyxmlerror.obj
         Debug\tinyxmlparser.obj
         SFML_1.vcxproj -> D:\SFML projects\SFML_2\Debug\SFML_1.exe
     1>Done Building Project "D:\SFML projects\SFML_2\SFML_1\SFML_1.vcxproj" (Build target(s)).

Build succeeded.

Time Elapsed 00:00:03.67
