Build started 04.03.2016 14:33:17.
     1>Project "D:\SFML projects\SFML_2\SFML_1\SFML_1.vcxproj" on node 2 (Build target(s)).
     1>ClCompile:
         D:\Games\Visual Studio 2013\VC\bin\CL.exe /c /I"D:\SFML projects\SFML-2.3.2\include" /I"D:\Programs\Visual Leak Detector\include" /Zi /nologo /W3 /WX- /sdl /O2 /Oi /Oy- /GL /D SFML_DYNAMIC /D _MBCS /Gm- /EHsc /MD /GS /Gy /fp:precise /Zc:wchar_t /Zc:forScope /Fo"Release\\" /Fd"Release\vc120.pdb" /Gd /TP /analyze- /errorReport:prompt Main.cpp
         Main.cpp
     1>d:\sfml projects\sfml_2\sfml_1\Parent.h(32): warning C4244: 'argument' : conversion from 'double' to 'float', possible loss of data
     1>d:\sfml projects\sfml_2\sfml_1\Camera.h(7): warning C4244: 'argument' : conversion from 'int' to 'float', possible loss of data
     1>d:\sfml projects\sfml_2\sfml_1\Camera.h(8): warning C4244: 'argument' : conversion from 'int' to 'float', possible loss of data
     1>d:\sfml projects\sfml_2\sfml_1\Camera.h(9): warning C4244: 'argument' : conversion from 'int' to 'float', possible loss of data
     1>d:\sfml projects\sfml_2\sfml_1\Camera.h(10): warning C4244: 'argument' : conversion from 'int' to 'float', possible loss of data
     1>d:\sfml projects\sfml_2\sfml_1\Camera.h(11): warning C4244: 'argument' : conversion from 'int' to 'float', possible loss of data
     1>d:\sfml projects\sfml_2\sfml_1\Camera.h(19): warning C4244: 'argument' : conversion from 'double' to 'float', possible loss of data
     1>d:\sfml projects\sfml_2\sfml_1\Camera.h(20): warning C4244: 'argument' : conversion from 'double' to 'float', possible loss of data
     1>d:\sfml projects\sfml_2\sfml_1\Camera.h(21): warning C4244: 'argument' : conversion from 'double' to 'float', possible loss of data
     1>d:\sfml projects\sfml_2\sfml_1\Camera.h(22): warning C4244: 'argument' : conversion from 'double' to 'float', possible loss of data
     1>d:\sfml projects\sfml_2\sfml_1\Camera.h(23): warning C4244: 'argument' : conversion from 'double' to 'float', possible loss of data
     1>d:\sfml projects\sfml_2\sfml_1\Camera.h(24): warning C4244: 'argument' : conversion from 'double' to 'float', possible loss of data
     1>d:\sfml projects\sfml_2\sfml_1\Camera.h(25): warning C4244: 'argument' : conversion from 'double' to 'float', possible loss of data
     1>d:\sfml projects\sfml_2\sfml_1\Camera.h(26): warning C4244: 'argument' : conversion from 'double' to 'float', possible loss of data
     1>d:\sfml projects\sfml_2\sfml_1\Missions.h(58): warning C4244: 'argument' : conversion from 'double' to 'float', possible loss of data
     1>d:\sfml projects\sfml_2\sfml_1\Missions.h(59): warning C4244: 'argument' : conversion from 'double' to 'float', possible loss of data
     1>d:\sfml projects\sfml_2\sfml_1\Menu.h(32): warning C4244: 'argument' : conversion from 'unsigned int' to 'float', possible loss of data
     1>d:\sfml projects\sfml_2\sfml_1\Menu.h(47): warning C4244: 'argument' : conversion from 'const float' to 'int', possible loss of data
     1>d:\sfml projects\sfml_2\sfml_1\Menu.h(52): warning C4244: 'argument' : conversion from 'const float' to 'int', possible loss of data
     1>d:\sfml projects\sfml_2\sfml_1\Menu.h(57): warning C4244: 'argument' : conversion from 'const float' to 'int', possible loss of data
     1>d:\sfml projects\sfml_2\sfml_1\MyWindow.h(118): warning C4244: '=' : conversion from 'sf::Int64' to 'double', possible loss of data
     1>d:\sfml projects\sfml_2\sfml_1\MyWindow.h(123): warning C4244: '=' : conversion from 'float' to 'int', possible loss of data
       Link:
         D:\Games\Visual Studio 2013\VC\bin\link.exe /ERRORREPORT:PROMPT /OUT:"D:\SFML projects\SFML_2\Release\SFML_1.exe" /NOLOGO /LIBPATH:"D:\SFML projects\SFML-2.3.2\lib" /LIBPATH:"D:\Programs\Visual Leak Detector\lib\Win32" "sfml-window.lib" "sfml-graphics.lib" "sfml-system.lib" "sfml-audio.lib" kernel32.lib user32.lib gdi32.lib winspool.lib comdlg32.lib advapi32.lib shell32.lib ole32.lib oleaut32.lib uuid.lib odbc32.lib odbccp32.lib /MANIFEST /MANIFESTUAC:"level='asInvoker' uiAccess='false'" /manifest:embed /DEBUG /PDB:"D:\SFML projects\SFML_2\Release\SFML_1.pdb" /OPT:REF /OPT:ICF /LTCG /TLBID:1 /DYNAMICBASE /NXCOMPAT /IMPLIB:"D:\SFML projects\SFML_2\Release\SFML_1.lib" /MACHINE:X86 /SAFESEH Release\Background.obj
         Release\Boss.obj
         Release\Bullet.obj
         Release\Enemy.obj
         Release\level.obj
         Release\Main.obj
         Release\Parent.obj
         Release\Player.obj
         Release\tinystr.obj
         Release\tinyxml.obj
         Release\tinyxmlerror.obj
         Release\tinyxmlparser.obj
         Generating code
     1>d:\sfml projects\sfml_2\sfml_1\boss.cpp(95): warning C4715: 'bossDead' : not all control paths return a value
     1>d:\sfml projects\sfml_2\sfml_1\level.cpp(239): warning C4715: 'Level::GetObject' : not all control paths return a value
     1>d:\sfml projects\sfml_2\sfml_1\mywindow.h(192): warning C4715: 'My_Window::mainWindow' : not all control paths return a value
         Finished generating code
         SFML_1.vcxproj -> D:\SFML projects\SFML_2\Release\SFML_1.exe
     1>Done Building Project "D:\SFML projects\SFML_2\SFML_1\SFML_1.vcxproj" (Build target(s)).

Build succeeded.

Time Elapsed 00:00:03.31
